0 verbose cli /data/data/com.termux/files/usr/bin/node /data/data/com.termux/files/usr/bin/npm
1 info using npm@10.8.3
2 info using node@v22.9.0
3 silly config load:file:/data/data/com.termux/files/usr/lib/node_modules/npm/npmrc
4 silly config load:file:/data/data/com.termux/files/home/.npmrc
5 silly config load:file:/data/data/com.termux/files/usr/etc/npmrc
6 verbose title npm uninstall heroku
7 verbose argv "uninstall" "--global" "heroku"
8 verbose logfile logs-max:10 dir:/data/data/com.termux/files/home/.npm/_logs/2024-11-06T23_13_21_338Z-
9 verbose logfile /data/data/com.termux/files/home/.npm/_logs/2024-11-06T23_13_21_338Z-debug-0.log
10 silly packumentCache heap:1098907648 maxSize:274726912 maxEntrySize:137363456
11 silly logfile done cleaning log files
12 silly idealTree buildDeps
13 silly reify mark retired [
13 silly reify   '/data/data/com.termux/files/usr/lib/node_modules/heroku',
13 silly reify   '/data/data/com.termux/files/usr/bin/heroku'
13 silly reify ]
14 silly reify moves {
14 silly reify   '/data/data/com.termux/files/usr/lib/node_modules/heroku': '/data/data/com.termux/files/usr/lib/node_modules/.heroku-GA1wOqP7',
14 silly reify   '/data/data/com.termux/files/usr/bin/heroku': '/data/data/com.termux/files/usr/bin/.heroku-flFBkdKs'
14 silly reify }
15 silly REMOVE node_modules/heroku
16 silly REMOVE node_modules/heroku/node_modules/@tsconfig/node14
17 silly REMOVE node_modules/heroku/node_modules/@types/cacheable-request
18 silly REMOVE node_modules/heroku/node_modules/@tsconfig/node12
19 silly REMOVE node_modules/heroku/node_modules/@xmldom/xmldom
20 silly REMOVE node_modules/heroku/node_modules/@types/shimmer
21 silly REMOVE node_modules/heroku/node_modules/@types/responselike
22 silly REMOVE node_modules/heroku/node_modules/@types/node
23 silly REMOVE node_modules/heroku/node_modules/@types/keyv
24 silly REMOVE node_modules/heroku/node_modules/@types/http-cache-semantics
25 silly REMOVE node_modules/heroku/node_modules/@types/cli-progress
26 silly REMOVE node_modules/heroku/node_modules/@tsconfig/node16
27 silly REMOVE node_modules/heroku/node_modules/@szmarczak/http-timer
28 silly REMOVE node_modules/heroku/node_modules/@tsconfig/node10
29 silly REMOVE node_modules/heroku/node_modules/@sindresorhus/is
30 silly REMOVE node_modules/heroku/node_modules/@opentelemetry/semantic-conventions
31 silly REMOVE node_modules/heroku/node_modules/@opentelemetry/sdk-trace-node
32 silly REMOVE node_modules/heroku/node_modules/@opentelemetry/sdk-trace-node/node_modules/@opentelemetry/core
33 silly REMOVE node_modules/heroku/node_modules/@opentelemetry/sdk-trace-node/node_modules/semver
34 silly REMOVE node_modules/heroku/node_modules/@opentelemetry/sdk-trace-base
35 silly REMOVE node_modules/heroku/node_modules/@opentelemetry/sdk-trace-base/node_modules/@opentelemetry/core
36 silly REMOVE node_modules/heroku/node_modules/@opentelemetry/sdk-metrics
37 silly REMOVE node_modules/heroku/node_modules/@opentelemetry/sdk-metrics/node_modules/@opentelemetry/semantic-conventions
38 silly REMOVE node_modules/heroku/node_modules/@opentelemetry/sdk-metrics/node_modules/@opentelemetry/resources
39 silly REMOVE node_modules/heroku/node_modules/@opentelemetry/sdk-logs
40 silly REMOVE node_modules/heroku/node_modules/@opentelemetry/sdk-logs/node_modules/@opentelemetry/semantic-conventions
41 silly REMOVE node_modules/heroku/node_modules/@opentelemetry/sdk-logs/node_modules/@opentelemetry/resources
42 silly REMOVE node_modules/heroku/node_modules/@opentelemetry/propagator-jaeger
43 silly REMOVE node_modules/heroku/node_modules/@opentelemetry/propagator-jaeger/node_modules/@opentelemetry/core
44 silly REMOVE node_modules/heroku/node_modules/@opentelemetry/resources
45 silly REMOVE node_modules/heroku/node_modules/@opentelemetry/resources/node_modules/@opentelemetry/core
46 silly REMOVE node_modules/heroku/node_modules/@opentelemetry/propagator-b3
47 silly REMOVE node_modules/heroku/node_modules/@opentelemetry/propagator-b3/node_modules/@opentelemetry/core
48 silly REMOVE node_modules/heroku/node_modules/@opentelemetry/otlp-exporter-base
49 silly REMOVE node_modules/heroku/node_modules/@opentelemetry/otlp-transformer
50 silly REMOVE node_modules/heroku/node_modules/@opentelemetry/otlp-transformer/node_modules/@opentelemetry/semantic-conventions
51 silly REMOVE node_modules/heroku/node_modules/@opentelemetry/otlp-transformer/node_modules/@opentelemetry/resources
52 silly REMOVE node_modules/heroku/node_modules/@opentelemetry/otlp-transformer/node_modules/@opentelemetry/sdk-trace-base
53 silly REMOVE node_modules/heroku/node_modules/@opentelemetry/instrumentation
54 silly REMOVE node_modules/heroku/node_modules/@opentelemetry/instrumentation/node_modules/semver
55 silly REMOVE node_modules/heroku/node_modules/@opentelemetry/core
56 silly REMOVE node_modules/heroku/node_modules/@opentelemetry/core/node_modules/@opentelemetry/semantic-conventions
57 silly REMOVE node_modules/heroku/node_modules/@opentelemetry/exporter-trace-otlp-http
58 silly REMOVE node_modules/heroku/node_modules/@opentelemetry/exporter-trace-otlp-http/node_modules/@opentelemetry/sdk-trace-base
59 silly REMOVE node_modules/heroku/node_modules/@opentelemetry/exporter-trace-otlp-http/node_modules/@opentelemetry/semantic-conventions
60 silly REMOVE node_modules/heroku/node_modules/@opentelemetry/exporter-trace-otlp-http/node_modules/@opentelemetry/resources
61 silly REMOVE node_modules/heroku/node_modules/@opentelemetry/api-logs
62 silly REMOVE node_modules/heroku/node_modules/@opentelemetry/context-async-hooks
63 silly REMOVE node_modules/heroku/node_modules/@opentelemetry/api
64 silly REMOVE node_modules/heroku/node_modules/@oclif/plugin-which
65 silly REMOVE node_modules/heroku/node_modules/@oclif/plugin-which/node_modules/@oclif/core
66 silly REMOVE node_modules/heroku/node_modules/@oclif/plugin-which/node_modules/universalify
67 silly REMOVE node_modules/heroku/node_modules/@oclif/plugin-which/node_modules/type-fest
68 silly REMOVE node_modules/heroku/node_modules/@oclif/plugin-which/node_modules/tslib
69 silly REMOVE node_modules/heroku/node_modules/@oclif/plugin-which/node_modules/supports-color
70 silly REMOVE node_modules/heroku/node_modules/@oclif/plugin-which/node_modules/strip-ansi
71 silly REMOVE node_modules/heroku/node_modules/@oclif/plugin-which/node_modules/semver
72 silly REMOVE node_modules/heroku/node_modules/@oclif/plugin-which/node_modules/jsonfile
73 silly REMOVE node_modules/heroku/node_modules/@oclif/plugin-which/node_modules/has-flag
74 silly REMOVE node_modules/heroku/node_modules/@oclif/plugin-which/node_modules/fs-extra
75 silly REMOVE node_modules/heroku/node_modules/@oclif/plugin-which/node_modules/debug
76 silly REMOVE node_modules/heroku/node_modules/@oclif/plugin-which/node_modules/color-name
77 silly REMOVE node_modules/heroku/node_modules/@oclif/plugin-which/node_modules/color-convert
78 silly REMOVE node_modules/heroku/node_modules/@oclif/plugin-which/node_modules/ansi-styles
79 silly REMOVE node_modules/heroku/node_modules/@oclif/plugin-which/node_modules/chalk
80 silly REMOVE node_modules/heroku/node_modules/@oclif/plugin-which/node_modules/chalk/node_modules/supports-color
81 silly REMOVE node_modules/heroku/node_modules/@oclif/plugin-which/node_modules/ansi-escapes
82 silly REMOVE node_modules/heroku/node_modules/@oclif/plugin-which/node_modules/ansi-regex
83 silly REMOVE node_modules/heroku/node_modules/@oclif/screen
84 silly REMOVE node_modules/heroku/node_modules/@oclif/plugin-warn-if-update-available
85 silly REMOVE node_modules/heroku/node_modules/@oclif/plugin-warn-if-update-available/node_modules/universalify
86 silly REMOVE node_modules/heroku/node_modules/@oclif/plugin-warn-if-update-available/node_modules/supports-color
87 silly REMOVE node_modules/heroku/node_modules/@oclif/plugin-warn-if-update-available/node_modules/semver
88 silly REMOVE node_modules/heroku/node_modules/@oclif/plugin-warn-if-update-available/node_modules/fs-extra
89 silly REMOVE node_modules/heroku/node_modules/@oclif/plugin-warn-if-update-available/node_modules/jsonfile
90 silly REMOVE node_modules/heroku/node_modules/@oclif/plugin-warn-if-update-available/node_modules/has-flag
91 silly REMOVE node_modules/heroku/node_modules/@oclif/plugin-warn-if-update-available/node_modules/color-name
92 silly REMOVE node_modules/heroku/node_modules/@oclif/plugin-warn-if-update-available/node_modules/color-convert
93 silly REMOVE node_modules/heroku/node_modules/@oclif/plugin-warn-if-update-available/node_modules/chalk
94 silly REMOVE node_modules/heroku/node_modules/@oclif/plugin-warn-if-update-available/node_modules/ansi-styles
95 silly REMOVE node_modules/heroku/node_modules/@oclif/plugin-update
96 silly REMOVE node_modules/heroku/node_modules/@oclif/plugin-update/node_modules/@oclif/color
97 silly REMOVE node_modules/heroku/node_modules/@oclif/plugin-update/node_modules/wrap-ansi
98 silly REMOVE node_modules/heroku/node_modules/@oclif/plugin-update/node_modules/universalify
99 silly REMOVE node_modules/heroku/node_modules/@oclif/plugin-update/node_modules/type-fest
100 silly REMOVE node_modules/heroku/node_modules/@oclif/plugin-update/node_modules/supports-color
101 silly REMOVE node_modules/heroku/node_modules/@oclif/plugin-update/node_modules/rxjs
102 silly REMOVE node_modules/heroku/node_modules/@oclif/plugin-update/node_modules/tslib
103 silly REMOVE node_modules/heroku/node_modules/@oclif/plugin-update/node_modules/strip-ansi
104 silly REMOVE node_modules/heroku/node_modules/@oclif/plugin-update/node_modules/semver
105 silly REMOVE node_modules/heroku/node_modules/@oclif/plugin-update/node_modules/jsonfile
106 silly REMOVE node_modules/heroku/node_modules/@oclif/plugin-update/node_modules/has-flag
107 silly REMOVE node_modules/heroku/node_modules/@oclif/plugin-update/node_modules/inquirer
108 silly REMOVE node_modules/heroku/node_modules/@oclif/plugin-update/node_modules/fs-extra
109 silly REMOVE node_modules/heroku/node_modules/@oclif/plugin-update/node_modules/filesize
110 silly REMOVE node_modules/heroku/node_modules/@oclif/plugin-update/node_modules/debug
111 silly REMOVE node_modules/heroku/node_modules/@oclif/plugin-update/node_modules/color-name
112 silly REMOVE node_modules/heroku/node_modules/@oclif/plugin-update/node_modules/color-convert
113 silly REMOVE node_modules/heroku/node_modules/@oclif/plugin-update/node_modules/chalk
114 silly REMOVE node_modules/heroku/node_modules/@oclif/plugin-update/node_modules/chalk/node_modules/supports-color
115 silly REMOVE node_modules/heroku/node_modules/@oclif/plugin-update/node_modules/ansi-styles
116 silly REMOVE node_modules/heroku/node_modules/@oclif/plugin-update/node_modules/ansi-escapes
117 silly REMOVE node_modules/heroku/node_modules/@oclif/plugin-update/node_modules/ansi-regex
118 silly REMOVE node_modules/heroku/node_modules/@oclif/plugin-version
119 silly REMOVE node_modules/heroku/node_modules/@oclif/plugin-not-found
120 silly REMOVE node_modules/heroku/node_modules/@oclif/plugin-not-found/node_modules/@oclif/core
121 silly REMOVE node_modules/heroku/node_modules/@oclif/plugin-not-found/node_modules/@oclif/color
122 silly REMOVE node_modules/heroku/node_modules/@oclif/plugin-not-found/node_modules/universalify
123 silly REMOVE node_modules/heroku/node_modules/@oclif/plugin-not-found/node_modules/type-fest
124 silly REMOVE node_modules/heroku/node_modules/@oclif/plugin-not-found/node_modules/tslib
125 silly REMOVE node_modules/heroku/node_modules/@oclif/plugin-not-found/node_modules/supports-color
126 silly REMOVE node_modules/heroku/node_modules/@oclif/plugin-not-found/node_modules/strip-ansi
127 silly REMOVE node_modules/heroku/node_modules/@oclif/plugin-not-found/node_modules/semver
128 silly REMOVE node_modules/heroku/node_modules/@oclif/plugin-not-found/node_modules/jsonfile
129 silly REMOVE node_modules/heroku/node_modules/@oclif/plugin-not-found/node_modules/has-flag
130 silly REMOVE node_modules/heroku/node_modules/@oclif/plugin-not-found/node_modules/fs-extra
131 silly REMOVE node_modules/heroku/node_modules/@oclif/plugin-not-found/node_modules/debug
132 silly REMOVE node_modules/heroku/node_modules/@oclif/plugin-not-found/node_modules/color-name
133 silly REMOVE node_modules/heroku/node_modules/@oclif/plugin-not-found/node_modules/color-convert
134 silly REMOVE node_modules/heroku/node_modules/@oclif/plugin-not-found/node_modules/chalk
135 silly REMOVE node_modules/heroku/node_modules/@oclif/plugin-not-found/node_modules/chalk/node_modules/supports-color
136 silly REMOVE node_modules/heroku/node_modules/@oclif/plugin-not-found/node_modules/ansi-styles
137 silly REMOVE node_modules/heroku/node_modules/@oclif/plugin-not-found/node_modules/ansi-regex
138 silly REMOVE node_modules/heroku/node_modules/@oclif/plugin-not-found/node_modules/ansi-escapes
139 silly REMOVE node_modules/heroku/node_modules/@oclif/plugin-plugins
140 silly REMOVE node_modules/heroku/node_modules/@oclif/plugin-plugins/node_modules/@oclif/color
141 silly REMOVE node_modules/heroku/node_modules/@oclif/plugin-plugins/node_modules/tslib
142 silly REMOVE node_modules/heroku/node_modules/@oclif/plugin-plugins/node_modules/universalify
143 silly REMOVE node_modules/heroku/node_modules/@oclif/plugin-plugins/node_modules/supports-color
144 silly REMOVE node_modules/heroku/node_modules/@oclif/plugin-plugins/node_modules/strip-ansi
145 silly REMOVE node_modules/heroku/node_modules/@oclif/plugin-plugins/node_modules/semver
146 silly REMOVE node_modules/heroku/node_modules/@oclif/plugin-plugins/node_modules/jsonfile
147 silly REMOVE node_modules/heroku/node_modules/@oclif/plugin-plugins/node_modules/has-flag
148 silly REMOVE node_modules/heroku/node_modules/@oclif/plugin-plugins/node_modules/fs-extra
149 silly REMOVE node_modules/heroku/node_modules/@oclif/plugin-plugins/node_modules/debug
150 silly REMOVE node_modules/heroku/node_modules/@oclif/plugin-plugins/node_modules/color-convert
151 silly REMOVE node_modules/heroku/node_modules/@oclif/plugin-plugins/node_modules/color-name
152 silly REMOVE node_modules/heroku/node_modules/@oclif/plugin-plugins/node_modules/chalk
153 silly REMOVE node_modules/heroku/node_modules/@oclif/plugin-plugins/node_modules/chalk/node_modules/supports-color
154 silly REMOVE node_modules/heroku/node_modules/@oclif/plugin-plugins/node_modules/ansi-styles
155 silly REMOVE node_modules/heroku/node_modules/@oclif/plugin-plugins/node_modules/ansi-regex
156 silly REMOVE node_modules/heroku/node_modules/@oclif/plugin-legacy
157 silly REMOVE node_modules/heroku/node_modules/@oclif/plugin-legacy/node_modules/@oclif/screen
158 silly REMOVE node_modules/heroku/node_modules/@oclif/plugin-legacy/node_modules/@heroku-cli/command
159 silly REMOVE node_modules/heroku/node_modules/@oclif/plugin-legacy/node_modules/tslib
160 silly REMOVE node_modules/heroku/node_modules/@oclif/plugin-legacy/node_modules/uuid
161 silly REMOVE node_modules/heroku/node_modules/@oclif/plugin-legacy/node_modules/type-fest
162 silly REMOVE node_modules/heroku/node_modules/@oclif/plugin-legacy/node_modules/indent-string
163 silly REMOVE node_modules/heroku/node_modules/@oclif/plugin-legacy/node_modules/semver
164 silly REMOVE node_modules/heroku/node_modules/@oclif/plugin-legacy/node_modules/supports-hyperlinks
165 silly REMOVE node_modules/heroku/node_modules/@oclif/plugin-legacy/node_modules/open
166 silly REMOVE node_modules/heroku/node_modules/@oclif/plugin-legacy/node_modules/cli-ux
167 silly REMOVE node_modules/heroku/node_modules/@oclif/plugin-legacy/node_modules/cli-ux/node_modules/tslib
168 silly REMOVE node_modules/heroku/node_modules/@oclif/plugin-legacy/node_modules/cli-ux/node_modules/ansi-escapes
169 silly REMOVE node_modules/heroku/node_modules/@oclif/plugin-legacy/node_modules/cli-ux/node_modules/semver
170 silly REMOVE node_modules/heroku/node_modules/@oclif/plugin-legacy/node_modules/is-wsl
171 silly REMOVE node_modules/heroku/node_modules/@oclif/plugin-legacy/node_modules/extract-stack
172 silly REMOVE node_modules/heroku/node_modules/@oclif/plugin-legacy/node_modules/has-flag
173 silly REMOVE node_modules/heroku/node_modules/@oclif/plugin-legacy/node_modules/debug
174 silly REMOVE node_modules/heroku/node_modules/@oclif/plugin-legacy/node_modules/ansi-escapes
175 silly REMOVE node_modules/heroku/node_modules/@oclif/plugin-legacy/node_modules/clean-stack
176 silly REMOVE node_modules/heroku/node_modules/@oclif/plugin-help
177 silly REMOVE node_modules/heroku/node_modules/@oclif/plugin-commands
178 silly REMOVE node_modules/heroku/node_modules/@oclif/plugin-commands/node_modules/@oclif/core
179 silly REMOVE node_modules/heroku/node_modules/@oclif/plugin-commands/node_modules/universalify
180 silly REMOVE node_modules/heroku/node_modules/@oclif/plugin-commands/node_modules/type-fest
181 silly REMOVE node_modules/heroku/node_modules/@oclif/plugin-commands/node_modules/tslib
182 silly REMOVE node_modules/heroku/node_modules/@oclif/plugin-commands/node_modules/supports-color
183 silly REMOVE node_modules/heroku/node_modules/@oclif/plugin-commands/node_modules/strip-ansi
184 silly REMOVE node_modules/heroku/node_modules/@oclif/plugin-commands/node_modules/semver
185 silly REMOVE node_modules/heroku/node_modules/@oclif/plugin-commands/node_modules/jsonfile
186 silly REMOVE node_modules/heroku/node_modules/@oclif/plugin-commands/node_modules/has-flag
187 silly REMOVE node_modules/heroku/node_modules/@oclif/plugin-commands/node_modules/fs-extra
188 silly REMOVE node_modules/heroku/node_modules/@oclif/plugin-commands/node_modules/debug
189 silly REMOVE node_modules/heroku/node_modules/@oclif/plugin-commands/node_modules/color-name
190 silly REMOVE node_modules/heroku/node_modules/@oclif/plugin-commands/node_modules/color-convert
191 silly REMOVE node_modules/heroku/node_modules/@oclif/plugin-commands/node_modules/chalk
192 silly REMOVE node_modules/heroku/node_modules/@oclif/plugin-commands/node_modules/chalk/node_modules/supports-color
193 silly REMOVE node_modules/heroku/node_modules/@oclif/plugin-commands/node_modules/ansi-styles
194 silly REMOVE node_modules/heroku/node_modules/@oclif/plugin-commands/node_modules/ansi-regex
195 silly REMOVE node_modules/heroku/node_modules/@oclif/plugin-commands/node_modules/ansi-escapes
196 silly REMOVE node_modules/heroku/node_modules/@oclif/parser
197 silly REMOVE node_modules/heroku/node_modules/@oclif/parser/node_modules/tslib
198 silly REMOVE node_modules/heroku/node_modules/@oclif/parser/node_modules/supports-color
199 silly REMOVE node_modules/heroku/node_modules/@oclif/parser/node_modules/has-flag
200 silly REMOVE node_modules/heroku/node_modules/@oclif/parser/node_modules/color-name
201 silly REMOVE node_modules/heroku/node_modules/@oclif/parser/node_modules/ansi-styles
202 silly REMOVE node_modules/heroku/node_modules/@oclif/parser/node_modules/color-convert
203 silly REMOVE node_modules/heroku/node_modules/@oclif/parser/node_modules/chalk
204 silly REMOVE node_modules/heroku/node_modules/@oclif/linewrap
205 silly REMOVE node_modules/heroku/node_modules/@oclif/help
206 silly REMOVE node_modules/heroku/node_modules/@oclif/help/node_modules/@oclif/config
207 silly REMOVE node_modules/heroku/node_modules/@oclif/help/node_modules/tslib
208 silly REMOVE node_modules/heroku/node_modules/@oclif/help/node_modules/wrap-ansi
209 silly REMOVE node_modules/heroku/node_modules/@oclif/help/node_modules/supports-color
210 silly REMOVE node_modules/heroku/node_modules/@oclif/help/node_modules/has-flag
211 silly REMOVE node_modules/heroku/node_modules/@oclif/help/node_modules/strip-ansi
212 silly REMOVE node_modules/heroku/node_modules/@oclif/help/node_modules/debug
213 silly REMOVE node_modules/heroku/node_modules/@oclif/help/node_modules/color-name
214 silly REMOVE node_modules/heroku/node_modules/@oclif/help/node_modules/chalk
215 silly REMOVE node_modules/heroku/node_modules/@oclif/help/node_modules/color-convert
216 silly REMOVE node_modules/heroku/node_modules/@oclif/help/node_modules/ansi-regex
217 silly REMOVE node_modules/heroku/node_modules/@oclif/help/node_modules/ansi-styles
218 silly REMOVE node_modules/heroku/node_modules/@oclif/core-v1
219 silly REMOVE node_modules/heroku/node_modules/@oclif/core-v1/node_modules/universalify
220 silly REMOVE node_modules/heroku/node_modules/@oclif/core-v1/node_modules/type-fest
221 silly REMOVE node_modules/heroku/node_modules/@oclif/core-v1/node_modules/tslib
222 silly REMOVE node_modules/heroku/node_modules/@oclif/core-v1/node_modules/supports-color
223 silly REMOVE node_modules/heroku/node_modules/@oclif/core-v1/node_modules/strip-ansi
224 silly REMOVE node_modules/heroku/node_modules/@oclif/core-v1/node_modules/semver
225 silly REMOVE node_modules/heroku/node_modules/@oclif/core-v1/node_modules/fs-extra
226 silly REMOVE node_modules/heroku/node_modules/@oclif/core-v1/node_modules/jsonfile
227 silly REMOVE node_modules/heroku/node_modules/@oclif/core-v1/node_modules/color-name
228 silly REMOVE node_modules/heroku/node_modules/@oclif/core-v1/node_modules/has-flag
229 silly REMOVE node_modules/heroku/node_modules/@oclif/core-v1/node_modules/debug
230 silly REMOVE node_modules/heroku/node_modules/@oclif/core-v1/node_modules/color-convert
231 silly REMOVE node_modules/heroku/node_modules/@oclif/core-v1/node_modules/chalk
232 silly REMOVE node_modules/heroku/node_modules/@oclif/core-v1/node_modules/chalk/node_modules/supports-color
233 silly REMOVE node_modules/heroku/node_modules/@oclif/core-v1/node_modules/ansi-styles
234 silly REMOVE node_modules/heroku/node_modules/@oclif/core-v1/node_modules/ansi-regex
235 silly REMOVE node_modules/heroku/node_modules/@oclif/core-v1/node_modules/ansi-escapes
236 silly REMOVE node_modules/heroku/node_modules/@oclif/errors
237 silly REMOVE node_modules/heroku/node_modules/@oclif/errors/node_modules/strip-ansi
238 silly REMOVE node_modules/heroku/node_modules/@oclif/errors/node_modules/fs-extra
239 silly REMOVE node_modules/heroku/node_modules/@oclif/errors/node_modules/ansi-regex
240 silly REMOVE node_modules/heroku/node_modules/@oclif/core
241 silly REMOVE node_modules/heroku/node_modules/@oclif/core/node_modules/tslib
242 silly REMOVE node_modules/heroku/node_modules/@oclif/core/node_modules/type-fest
243 silly REMOVE node_modules/heroku/node_modules/@oclif/core/node_modules/supports-color
244 silly REMOVE node_modules/heroku/node_modules/@oclif/core/node_modules/strip-ansi
245 silly REMOVE node_modules/heroku/node_modules/@oclif/core/node_modules/color-name
246 silly REMOVE node_modules/heroku/node_modules/@oclif/core/node_modules/has-flag
247 silly REMOVE node_modules/heroku/node_modules/@oclif/core/node_modules/color-convert
248 silly REMOVE node_modules/heroku/node_modules/@oclif/core/node_modules/debug
249 silly REMOVE node_modules/heroku/node_modules/@oclif/core/node_modules/chalk
250 silly REMOVE node_modules/heroku/node_modules/@oclif/core/node_modules/chalk/node_modules/supports-color
251 silly REMOVE node_modules/heroku/node_modules/@oclif/core/node_modules/ansi-styles
252 silly REMOVE node_modules/heroku/node_modules/@oclif/core/node_modules/ansi-regex
253 silly REMOVE node_modules/heroku/node_modules/@oclif/core/node_modules/ansi-escapes
254 silly REMOVE node_modules/heroku/node_modules/@oclif/config
255 silly REMOVE node_modules/heroku/node_modules/@oclif/config/node_modules/tslib
256 silly REMOVE node_modules/heroku/node_modules/@oclif/config/node_modules/debug
257 silly REMOVE node_modules/heroku/node_modules/@oclif/command
258 silly REMOVE node_modules/heroku/node_modules/@oclif/command/node_modules/semver
259 silly REMOVE node_modules/heroku/node_modules/@oclif/color
260 silly REMOVE node_modules/heroku/node_modules/@oclif/color/node_modules/has-flag
261 silly REMOVE node_modules/heroku/node_modules/@oclif/color/node_modules/color-name
262 silly REMOVE node_modules/heroku/node_modules/@oclif/color/node_modules/color-convert
263 silly REMOVE node_modules/heroku/node_modules/@oclif/color/node_modules/chalk
264 silly REMOVE node_modules/heroku/node_modules/@oclif/color/node_modules/chalk/node_modules/supports-color
265 silly REMOVE node_modules/heroku/node_modules/@oclif/color/node_modules/chalk/node_modules/ansi-styles
266 silly REMOVE node_modules/heroku/node_modules/@nodelib/fs.walk
267 silly REMOVE node_modules/heroku/node_modules/@nodelib/fs.scandir
268 silly REMOVE node_modules/heroku/node_modules/@nodelib/fs.stat
269 silly REMOVE node_modules/heroku/node_modules/@jridgewell/trace-mapping
270 silly REMOVE node_modules/heroku/node_modules/@jridgewell/sourcemap-codec
271 silly REMOVE node_modules/heroku/node_modules/@jridgewell/resolve-uri
272 silly REMOVE node_modules/heroku/node_modules/@heroku-cli/plugin-spaces
273 silly REMOVE node_modules/heroku/node_modules/@heroku-cli/plugin-spaces/node_modules/@heroku-cli/command
274 silly REMOVE node_modules/heroku/node_modules/@heroku-cli/plugin-spaces/node_modules/@oclif/core
275 silly REMOVE node_modules/heroku/node_modules/@heroku-cli/plugin-spaces/node_modules/@oclif/core/node_modules/fs-extra
276 silly REMOVE node_modules/heroku/node_modules/@heroku-cli/plugin-spaces/node_modules/uuid
277 silly REMOVE node_modules/heroku/node_modules/@heroku-cli/plugin-spaces/node_modules/tslib
278 silly REMOVE node_modules/heroku/node_modules/@heroku-cli/plugin-spaces/node_modules/universalify
279 silly REMOVE node_modules/heroku/node_modules/@heroku-cli/plugin-spaces/node_modules/type-fest
280 silly REMOVE node_modules/heroku/node_modules/@heroku-cli/plugin-spaces/node_modules/strip-ansi
281 silly REMOVE node_modules/heroku/node_modules/@heroku-cli/plugin-spaces/node_modules/semver
282 silly REMOVE node_modules/heroku/node_modules/@heroku-cli/plugin-spaces/node_modules/supports-color
283 silly REMOVE node_modules/heroku/node_modules/@heroku-cli/plugin-spaces/node_modules/debug
284 silly REMOVE node_modules/heroku/node_modules/@heroku-cli/plugin-spaces/node_modules/has-flag
285 silly REMOVE node_modules/heroku/node_modules/@heroku-cli/plugin-spaces/node_modules/jsonfile
286 silly REMOVE node_modules/heroku/node_modules/@heroku-cli/plugin-spaces/node_modules/chalk
287 silly REMOVE node_modules/heroku/node_modules/@heroku-cli/plugin-spaces/node_modules/chalk/node_modules/supports-color
288 silly REMOVE node_modules/heroku/node_modules/@heroku-cli/plugin-spaces/node_modules/color-convert
289 silly REMOVE node_modules/heroku/node_modules/@heroku-cli/plugin-spaces/node_modules/color-name
290 silly REMOVE node_modules/heroku/node_modules/@heroku-cli/plugin-spaces/node_modules/ansi-regex
291 silly REMOVE node_modules/heroku/node_modules/@heroku-cli/plugin-spaces/node_modules/ansi-escapes
292 silly REMOVE node_modules/heroku/node_modules/@heroku-cli/plugin-spaces/node_modules/ansi-styles
293 silly REMOVE node_modules/heroku/node_modules/@heroku-cli/plugin-run-v5
294 silly REMOVE node_modules/heroku/node_modules/@heroku-cli/plugin-run-v5/node_modules/@heroku-cli/command
295 silly REMOVE node_modules/heroku/node_modules/@heroku-cli/plugin-run-v5/node_modules/@heroku-cli/command/node_modules/@oclif/core
296 silly REMOVE node_modules/heroku/node_modules/@heroku-cli/plugin-run-v5/node_modules/@heroku-cli/command/node_modules/@oclif/core/node_modules/tslib
297 silly REMOVE node_modules/heroku/node_modules/@heroku-cli/plugin-run-v5/node_modules/@heroku-cli/command/node_modules/@oclif/core/node_modules/supports-color
298 silly REMOVE node_modules/heroku/node_modules/@heroku-cli/plugin-run-v5/node_modules/@heroku-cli/command/node_modules/@oclif/core/node_modules/strip-ansi
299 silly REMOVE node_modules/heroku/node_modules/@heroku-cli/plugin-run-v5/node_modules/@heroku-cli/command/node_modules/@oclif/core/node_modules/fs-extra
300 silly REMOVE node_modules/heroku/node_modules/@heroku-cli/plugin-run-v5/node_modules/@heroku-cli/command/node_modules/@heroku-cli/color
301 silly REMOVE node_modules/heroku/node_modules/@heroku-cli/plugin-run-v5/node_modules/@heroku-cli/command/node_modules/@heroku-cli/color/node_modules/chalk
302 silly REMOVE node_modules/heroku/node_modules/@heroku-cli/plugin-run-v5/node_modules/@heroku-cli/command/node_modules/@heroku-cli/color/node_modules/ansi-styles
303 silly REMOVE node_modules/heroku/node_modules/@heroku-cli/plugin-run-v5/node_modules/@heroku-cli/command/node_modules/color-convert
304 silly REMOVE node_modules/heroku/node_modules/@heroku-cli/plugin-run-v5/node_modules/@heroku-cli/command/node_modules/color-name
305 silly REMOVE node_modules/heroku/node_modules/@heroku-cli/plugin-run-v5/node_modules/@heroku-cli/command/node_modules/supports-color
306 silly REMOVE node_modules/heroku/node_modules/@heroku-cli/plugin-run-v5/node_modules/@heroku-cli/command/node_modules/supports-color/node_modules/has-flag
307 silly REMOVE node_modules/heroku/node_modules/@heroku-cli/plugin-run-v5/node_modules/@heroku-cli/color
308 silly REMOVE node_modules/heroku/node_modules/@heroku-cli/plugin-run-v5/node_modules/semver
309 silly REMOVE node_modules/heroku/node_modules/@heroku-cli/plugin-run-v5/node_modules/uuid
310 silly REMOVE node_modules/heroku/node_modules/@heroku-cli/plugin-run-v5/node_modules/color-name
311 silly REMOVE node_modules/heroku/node_modules/@heroku-cli/plugin-run-v5/node_modules/universalify
312 silly REMOVE node_modules/heroku/node_modules/@heroku-cli/plugin-run-v5/node_modules/supports-color
313 silly REMOVE node_modules/heroku/node_modules/@heroku-cli/plugin-run-v5/node_modules/type-fest
314 silly REMOVE node_modules/heroku/node_modules/@heroku-cli/plugin-run-v5/node_modules/ansi-escapes
315 silly REMOVE node_modules/heroku/node_modules/@heroku-cli/plugin-run-v5/node_modules/color-convert
316 silly REMOVE node_modules/heroku/node_modules/@heroku-cli/plugin-run-v5/node_modules/jsonfile
317 silly REMOVE node_modules/heroku/node_modules/@heroku-cli/plugin-run-v5/node_modules/has-flag
318 silly REMOVE node_modules/heroku/node_modules/@heroku-cli/plugin-run-v5/node_modules/debug
319 silly REMOVE node_modules/heroku/node_modules/@heroku-cli/plugin-run-v5/node_modules/chalk
320 silly REMOVE node_modules/heroku/node_modules/@heroku-cli/plugin-run-v5/node_modules/ansi-styles
321 silly REMOVE node_modules/heroku/node_modules/@heroku-cli/plugin-run-v5/node_modules/ansi-regex
322 silly REMOVE node_modules/heroku/node_modules/@heroku-cli/schema
323 silly REMOVE node_modules/heroku/node_modules/@heroku-cli/plugin-run
324 silly REMOVE node_modules/heroku/node_modules/@heroku-cli/plugin-run/node_modules/@heroku-cli/command
325 silly REMOVE node_modules/heroku/node_modules/@heroku-cli/plugin-run/node_modules/@oclif/core
326 silly REMOVE node_modules/heroku/node_modules/@heroku-cli/plugin-run/node_modules/@oclif/core/node_modules/tslib
327 silly REMOVE node_modules/heroku/node_modules/@heroku-cli/plugin-run/node_modules/@oclif/core/node_modules/fs-extra
328 silly REMOVE node_modules/heroku/node_modules/@heroku-cli/plugin-run/node_modules/uuid
329 silly REMOVE node_modules/heroku/node_modules/@heroku-cli/plugin-run/node_modules/supports-color
330 silly REMOVE node_modules/heroku/node_modules/@heroku-cli/plugin-run/node_modules/type-fest
331 silly REMOVE node_modules/heroku/node_modules/@heroku-cli/plugin-run/node_modules/universalify
332 silly REMOVE node_modules/heroku/node_modules/@heroku-cli/plugin-run/node_modules/strip-ansi
333 silly REMOVE node_modules/heroku/node_modules/@heroku-cli/plugin-run/node_modules/semver
334 silly REMOVE node_modules/heroku/node_modules/@heroku-cli/plugin-run/node_modules/jsonfile
335 silly REMOVE node_modules/heroku/node_modules/@heroku-cli/plugin-run/node_modules/has-flag
336 silly REMOVE node_modules/heroku/node_modules/@heroku-cli/plugin-run/node_modules/debug
337 silly REMOVE node_modules/heroku/node_modules/@heroku-cli/plugin-run/node_modules/color-name
338 silly REMOVE node_modules/heroku/node_modules/@heroku-cli/plugin-run/node_modules/color-convert
339 silly REMOVE node_modules/heroku/node_modules/@heroku-cli/plugin-run/node_modules/ansi-styles
340 silly REMOVE node_modules/heroku/node_modules/@heroku-cli/plugin-run/node_modules/chalk
341 silly REMOVE node_modules/heroku/node_modules/@heroku-cli/plugin-run/node_modules/chalk/node_modules/supports-color
342 silly REMOVE node_modules/heroku/node_modules/@heroku-cli/plugin-run/node_modules/ansi-regex
343 silly REMOVE node_modules/heroku/node_modules/@heroku-cli/plugin-run/node_modules/ansi-escapes
344 silly REMOVE node_modules/heroku/node_modules/@heroku-cli/plugin-ps-exec
345 silly REMOVE node_modules/heroku/node_modules/@heroku-cli/plugin-redis-v5
346 silly REMOVE node_modules/heroku/node_modules/@heroku-cli/plugin-redis-v5/node_modules/ssh2
347 silly REMOVE node_modules/heroku/node_modules/@heroku-cli/plugin-pg-v5
348 silly REMOVE node_modules/heroku/node_modules/@heroku-cli/plugin-pg-v5/node_modules/uuid
349 silly REMOVE node_modules/heroku/node_modules/@heroku-cli/plugin-pg-v5/node_modules/semver
350 silly REMOVE node_modules/heroku/node_modules/@heroku-cli/plugin-pg-v5/node_modules/node-notifier
351 silly REMOVE node_modules/heroku/node_modules/@heroku-cli/plugin-ps
352 silly REMOVE node_modules/heroku/node_modules/@heroku-cli/plugin-ps/node_modules/@oclif/core
353 silly REMOVE node_modules/heroku/node_modules/@heroku-cli/plugin-ps/node_modules/@oclif/core/node_modules/fs-extra
354 silly REMOVE node_modules/heroku/node_modules/@heroku-cli/plugin-ps/node_modules/@heroku-cli/command
355 silly REMOVE node_modules/heroku/node_modules/@heroku-cli/plugin-ps/node_modules/uuid
356 silly REMOVE node_modules/heroku/node_modules/@heroku-cli/plugin-ps/node_modules/universalify
357 silly REMOVE node_modules/heroku/node_modules/@heroku-cli/plugin-ps/node_modules/strip-ansi
358 silly REMOVE node_modules/heroku/node_modules/@heroku-cli/plugin-ps/node_modules/type-fest
359 silly REMOVE node_modules/heroku/node_modules/@heroku-cli/plugin-ps/node_modules/tslib
360 silly REMOVE node_modules/heroku/node_modules/@heroku-cli/plugin-ps/node_modules/supports-color
361 silly REMOVE node_modules/heroku/node_modules/@heroku-cli/plugin-ps/node_modules/semver
362 silly REMOVE node_modules/heroku/node_modules/@heroku-cli/plugin-ps/node_modules/has-flag
363 silly REMOVE node_modules/heroku/node_modules/@heroku-cli/plugin-ps/node_modules/jsonfile
364 silly REMOVE node_modules/heroku/node_modules/@heroku-cli/plugin-ps/node_modules/ansi-escapes
365 silly REMOVE node_modules/heroku/node_modules/@heroku-cli/plugin-ps/node_modules/debug
366 silly REMOVE node_modules/heroku/node_modules/@heroku-cli/plugin-ps/node_modules/color-name
367 silly REMOVE node_modules/heroku/node_modules/@heroku-cli/plugin-ps/node_modules/chalk
368 silly REMOVE node_modules/heroku/node_modules/@heroku-cli/plugin-ps/node_modules/chalk/node_modules/supports-color
369 silly REMOVE node_modules/heroku/node_modules/@heroku-cli/plugin-ps/node_modules/color-convert
370 silly REMOVE node_modules/heroku/node_modules/@heroku-cli/plugin-ps/node_modules/ansi-styles
371 silly REMOVE node_modules/heroku/node_modules/@heroku-cli/plugin-ps/node_modules/ansi-regex
372 silly REMOVE node_modules/heroku/node_modules/@heroku-cli/plugin-container-registry-v5
373 silly REMOVE node_modules/heroku/node_modules/@heroku-cli/plugin-container-registry-v5/node_modules/wrap-ansi
374 silly REMOVE node_modules/heroku/node_modules/@heroku-cli/plugin-container-registry-v5/node_modules/tslib
375 silly REMOVE node_modules/heroku/node_modules/@heroku-cli/plugin-container-registry-v5/node_modules/type-fest
376 silly REMOVE node_modules/heroku/node_modules/@heroku-cli/plugin-container-registry-v5/node_modules/rxjs
377 silly REMOVE node_modules/heroku/node_modules/@heroku-cli/plugin-container-registry-v5/node_modules/inquirer
378 silly REMOVE node_modules/heroku/node_modules/@heroku-cli/plugin-container-registry-v5/node_modules/supports-color
379 silly REMOVE node_modules/heroku/node_modules/@heroku-cli/plugin-container-registry-v5/node_modules/strip-ansi
380 silly REMOVE node_modules/heroku/node_modules/@heroku-cli/plugin-container-registry-v5/node_modules/has-flag
381 silly REMOVE node_modules/heroku/node_modules/@heroku-cli/plugin-container-registry-v5/node_modules/debug
382 silly REMOVE node_modules/heroku/node_modules/@heroku-cli/plugin-container-registry-v5/node_modules/color-name
383 silly REMOVE node_modules/heroku/node_modules/@heroku-cli/plugin-container-registry-v5/node_modules/color-convert
384 silly REMOVE node_modules/heroku/node_modules/@heroku-cli/plugin-container-registry-v5/node_modules/ansi-escapes
385 silly REMOVE node_modules/heroku/node_modules/@heroku-cli/plugin-container-registry-v5/node_modules/chalk
386 silly REMOVE node_modules/heroku/node_modules/@heroku-cli/plugin-container-registry-v5/node_modules/ansi-styles
387 silly REMOVE node_modules/heroku/node_modules/@heroku-cli/plugin-container-registry-v5/node_modules/ansi-regex
388 silly REMOVE node_modules/heroku/node_modules/@heroku-cli/plugin-orgs-v5
389 silly REMOVE node_modules/heroku/node_modules/@heroku-cli/plugin-orgs-v5/node_modules/@oclif/core
390 silly REMOVE node_modules/heroku/node_modules/@heroku-cli/plugin-orgs-v5/node_modules/@oclif/core/node_modules/fs-extra
391 silly REMOVE node_modules/heroku/node_modules/@heroku-cli/plugin-orgs-v5/node_modules/@heroku-cli/command
392 silly REMOVE node_modules/heroku/node_modules/@heroku-cli/plugin-orgs-v5/node_modules/color-name
393 silly REMOVE node_modules/heroku/node_modules/@heroku-cli/plugin-orgs-v5/node_modules/uuid
394 silly REMOVE node_modules/heroku/node_modules/@heroku-cli/plugin-orgs-v5/node_modules/universalify
395 silly REMOVE node_modules/heroku/node_modules/@heroku-cli/plugin-orgs-v5/node_modules/type-fest
396 silly REMOVE node_modules/heroku/node_modules/@heroku-cli/plugin-orgs-v5/node_modules/strip-ansi
397 silly REMOVE node_modules/heroku/node_modules/@heroku-cli/plugin-orgs-v5/node_modules/tslib
398 silly REMOVE node_modules/heroku/node_modules/@heroku-cli/plugin-orgs-v5/node_modules/supports-color
399 silly REMOVE node_modules/heroku/node_modules/@heroku-cli/plugin-orgs-v5/node_modules/semver
400 silly REMOVE node_modules/heroku/node_modules/@heroku-cli/plugin-orgs-v5/node_modules/rxjs
401 silly REMOVE node_modules/heroku/node_modules/@heroku-cli/plugin-orgs-v5/node_modules/inquirer
402 silly REMOVE node_modules/heroku/node_modules/@heroku-cli/plugin-orgs-v5/node_modules/inquirer/node_modules/wrap-ansi
403 silly REMOVE node_modules/heroku/node_modules/@heroku-cli/plugin-orgs-v5/node_modules/jsonfile
404 silly REMOVE node_modules/heroku/node_modules/@heroku-cli/plugin-orgs-v5/node_modules/has-flag
405 silly REMOVE node_modules/heroku/node_modules/@heroku-cli/plugin-orgs-v5/node_modules/debug
406 silly REMOVE node_modules/heroku/node_modules/@heroku-cli/plugin-orgs-v5/node_modules/ansi-regex
407 silly REMOVE node_modules/heroku/node_modules/@heroku-cli/plugin-orgs-v5/node_modules/color-convert
408 silly REMOVE node_modules/heroku/node_modules/@heroku-cli/plugin-orgs-v5/node_modules/chalk
409 silly REMOVE node_modules/heroku/node_modules/@heroku-cli/plugin-orgs-v5/node_modules/chalk/node_modules/supports-color
410 silly REMOVE node_modules/heroku/node_modules/@heroku-cli/plugin-orgs-v5/node_modules/ansi-styles
411 silly REMOVE node_modules/heroku/node_modules/@heroku-cli/plugin-orgs-v5/node_modules/ansi-escapes
412 silly REMOVE node_modules/heroku/node_modules/@heroku-cli/plugin-ci-v5
413 silly REMOVE node_modules/heroku/node_modules/@heroku-cli/plugin-ci-v5/node_modules/@oclif/core
414 silly REMOVE node_modules/heroku/node_modules/@heroku-cli/plugin-ci-v5/node_modules/@oclif/core/node_modules/fs-extra
415 silly REMOVE node_modules/heroku/node_modules/@heroku-cli/plugin-ci-v5/node_modules/@oclif/core/node_modules/ansi-escapes
416 silly REMOVE node_modules/heroku/node_modules/@heroku-cli/plugin-ci-v5/node_modules/@heroku-cli/command
417 silly REMOVE node_modules/heroku/node_modules/@heroku-cli/plugin-ci-v5/node_modules/supports-color
418 silly REMOVE node_modules/heroku/node_modules/@heroku-cli/plugin-ci-v5/node_modules/uuid
419 silly REMOVE node_modules/heroku/node_modules/@heroku-cli/plugin-ci-v5/node_modules/universalify
420 silly REMOVE node_modules/heroku/node_modules/@heroku-cli/plugin-ci-v5/node_modules/type-fest
421 silly REMOVE node_modules/heroku/node_modules/@heroku-cli/plugin-ci-v5/node_modules/tslib
422 silly REMOVE node_modules/heroku/node_modules/@heroku-cli/plugin-ci-v5/node_modules/semver
423 silly REMOVE node_modules/heroku/node_modules/@heroku-cli/plugin-ci-v5/node_modules/inquirer
424 silly REMOVE node_modules/heroku/node_modules/@heroku-cli/plugin-ci-v5/node_modules/inquirer/node_modules/ansi-escapes
425 silly REMOVE node_modules/heroku/node_modules/@heroku-cli/plugin-ci-v5/node_modules/inquirer/node_modules/wrap-ansi
426 silly REMOVE node_modules/heroku/node_modules/@heroku-cli/plugin-ci-v5/node_modules/rxjs
427 silly REMOVE node_modules/heroku/node_modules/@heroku-cli/plugin-ci-v5/node_modules/strip-ansi
428 silly REMOVE node_modules/heroku/node_modules/@heroku-cli/plugin-ci-v5/node_modules/jsonfile
429 silly REMOVE node_modules/heroku/node_modules/@heroku-cli/plugin-ci-v5/node_modules/has-flag
430 silly REMOVE node_modules/heroku/node_modules/@heroku-cli/plugin-ci-v5/node_modules/chalk
431 silly REMOVE node_modules/heroku/node_modules/@heroku-cli/plugin-ci-v5/node_modules/chalk/node_modules/supports-color
432 silly REMOVE node_modules/heroku/node_modules/@heroku-cli/plugin-ci-v5/node_modules/color-name
433 silly REMOVE node_modules/heroku/node_modules/@heroku-cli/plugin-ci-v5/node_modules/debug
434 silly REMOVE node_modules/heroku/node_modules/@heroku-cli/plugin-ci-v5/node_modules/color-convert
435 silly REMOVE node_modules/heroku/node_modules/@heroku-cli/plugin-ci-v5/node_modules/ansi-styles
436 silly REMOVE node_modules/heroku/node_modules/@heroku-cli/plugin-ci-v5/node_modules/ansi-regex
437 silly REMOVE node_modules/heroku/node_modules/@heroku-cli/plugin-certs-v5
438 silly REMOVE node_modules/heroku/node_modules/@heroku-cli/plugin-certs-v5/node_modules/@heroku-cli/color
439 silly REMOVE node_modules/heroku/node_modules/@heroku-cli/plugin-certs-v5/node_modules/wrap-ansi
440 silly REMOVE node_modules/heroku/node_modules/@heroku-cli/plugin-certs-v5/node_modules/supports-color
441 silly REMOVE node_modules/heroku/node_modules/@heroku-cli/plugin-certs-v5/node_modules/type-fest
442 silly REMOVE node_modules/heroku/node_modules/@heroku-cli/plugin-certs-v5/node_modules/strip-ansi
443 silly REMOVE node_modules/heroku/node_modules/@heroku-cli/plugin-certs-v5/node_modules/inquirer
444 silly REMOVE node_modules/heroku/node_modules/@heroku-cli/plugin-certs-v5/node_modules/chalk
445 silly REMOVE node_modules/heroku/node_modules/@heroku-cli/plugin-certs-v5/node_modules/date-fns
446 silly REMOVE node_modules/heroku/node_modules/@heroku-cli/plugin-certs-v5/node_modules/rxjs
447 silly REMOVE node_modules/heroku/node_modules/@heroku-cli/plugin-certs-v5/node_modules/rxjs/node_modules/tslib
448 silly REMOVE node_modules/heroku/node_modules/@heroku-cli/plugin-certs-v5/node_modules/color-name
449 silly REMOVE node_modules/heroku/node_modules/@heroku-cli/plugin-certs-v5/node_modules/has-flag
450 silly REMOVE node_modules/heroku/node_modules/@heroku-cli/plugin-certs-v5/node_modules/color-convert
451 silly REMOVE node_modules/heroku/node_modules/@heroku-cli/plugin-certs-v5/node_modules/ansi-escapes
452 silly REMOVE node_modules/heroku/node_modules/@heroku-cli/plugin-certs-v5/node_modules/ansi-regex
453 silly REMOVE node_modules/heroku/node_modules/@heroku-cli/plugin-certs-v5/node_modules/ansi-styles
454 silly REMOVE node_modules/heroku/node_modules/@heroku-cli/plugin-apps-v5
455 silly REMOVE node_modules/heroku/node_modules/@heroku-cli/plugin-apps-v5/node_modules/@heroku-cli/command
456 silly REMOVE node_modules/heroku/node_modules/@heroku-cli/plugin-apps-v5/node_modules/@heroku-cli/command/node_modules/@oclif/core
457 silly REMOVE node_modules/heroku/node_modules/@heroku-cli/plugin-apps-v5/node_modules/@heroku-cli/command/node_modules/@oclif/core/node_modules/fs-extra
458 silly REMOVE node_modules/heroku/node_modules/@heroku-cli/plugin-apps-v5/node_modules/@heroku-cli/command/node_modules/supports-color
459 silly REMOVE node_modules/heroku/node_modules/@heroku-cli/plugin-apps-v5/node_modules/semver
460 silly REMOVE node_modules/heroku/node_modules/@heroku-cli/plugin-apps-v5/node_modules/uuid
461 silly REMOVE node_modules/heroku/node_modules/@heroku-cli/plugin-apps-v5/node_modules/color-name
462 silly REMOVE node_modules/heroku/node_modules/@heroku-cli/plugin-apps-v5/node_modules/universalify
463 silly REMOVE node_modules/heroku/node_modules/@heroku-cli/plugin-apps-v5/node_modules/type-fest
464 silly REMOVE node_modules/heroku/node_modules/@heroku-cli/plugin-apps-v5/node_modules/tslib
465 silly REMOVE node_modules/heroku/node_modules/@heroku-cli/plugin-apps-v5/node_modules/supports-color
466 silly REMOVE node_modules/heroku/node_modules/@heroku-cli/plugin-apps-v5/node_modules/strip-ansi
467 silly REMOVE node_modules/heroku/node_modules/@heroku-cli/plugin-apps-v5/node_modules/rxjs
468 silly REMOVE node_modules/heroku/node_modules/@heroku-cli/plugin-apps-v5/node_modules/jsonfile
469 silly REMOVE node_modules/heroku/node_modules/@heroku-cli/plugin-apps-v5/node_modules/inquirer
470 silly REMOVE node_modules/heroku/node_modules/@heroku-cli/plugin-apps-v5/node_modules/inquirer/node_modules/wrap-ansi
471 silly REMOVE node_modules/heroku/node_modules/@heroku-cli/plugin-apps-v5/node_modules/debug
472 silly REMOVE node_modules/heroku/node_modules/@heroku-cli/plugin-apps-v5/node_modules/ansi-styles
473 silly REMOVE node_modules/heroku/node_modules/@heroku-cli/plugin-apps-v5/node_modules/has-flag
474 silly REMOVE node_modules/heroku/node_modules/@heroku-cli/plugin-apps-v5/node_modules/color-convert
475 silly REMOVE node_modules/heroku/node_modules/@heroku-cli/plugin-apps-v5/node_modules/chalk
476 silly REMOVE node_modules/heroku/node_modules/@heroku-cli/plugin-apps-v5/node_modules/ansi-escapes
477 silly REMOVE node_modules/heroku/node_modules/@heroku-cli/plugin-apps-v5/node_modules/ansi-regex
478 silly REMOVE node_modules/heroku/node_modules/@heroku-cli/plugin-addons-v5
479 silly REMOVE node_modules/heroku/node_modules/@heroku-cli/plugin-addons
480 silly REMOVE node_modules/heroku/node_modules/@heroku-cli/plugin-addons/node_modules/printf
481 silly REMOVE node_modules/heroku/node_modules/@heroku-cli/heroku-exec-util
482 silly REMOVE node_modules/heroku/node_modules/@heroku-cli/heroku-exec-util/node_modules/temp
483 silly REMOVE node_modules/heroku/node_modules/@heroku-cli/heroku-exec-util/node_modules/rimraf
484 silly REMOVE node_modules/heroku/node_modules/@heroku-cli/notifications
485 silly REMOVE node_modules/heroku/node_modules/@heroku-cli/command-v9
486 silly REMOVE node_modules/heroku/node_modules/@heroku-cli/command-v9/node_modules/@oclif/core
487 silly REMOVE node_modules/heroku/node_modules/@heroku-cli/command-v9/node_modules/@oclif/core/node_modules/fs-extra
488 silly REMOVE node_modules/heroku/node_modules/@heroku-cli/command-v9/node_modules/uuid
489 silly REMOVE node_modules/heroku/node_modules/@heroku-cli/command-v9/node_modules/universalify
490 silly REMOVE node_modules/heroku/node_modules/@heroku-cli/command-v9/node_modules/tslib
491 silly REMOVE node_modules/heroku/node_modules/@heroku-cli/command-v9/node_modules/type-fest
492 silly REMOVE node_modules/heroku/node_modules/@heroku-cli/command-v9/node_modules/supports-color
493 silly REMOVE node_modules/heroku/node_modules/@heroku-cli/command-v9/node_modules/semver
494 silly REMOVE node_modules/heroku/node_modules/@heroku-cli/command-v9/node_modules/strip-ansi
495 silly REMOVE node_modules/heroku/node_modules/@heroku-cli/command-v9/node_modules/jsonfile
496 silly REMOVE node_modules/heroku/node_modules/@heroku-cli/command-v9/node_modules/has-flag
497 silly REMOVE node_modules/heroku/node_modules/@heroku-cli/command-v9/node_modules/color-name
498 silly REMOVE node_modules/heroku/node_modules/@heroku-cli/command-v9/node_modules/debug
499 silly REMOVE node_modules/heroku/node_modules/@heroku-cli/command-v9/node_modules/color-convert
500 silly REMOVE node_modules/heroku/node_modules/@heroku-cli/command-v9/node_modules/chalk
501 silly REMOVE node_modules/heroku/node_modules/@heroku-cli/command-v9/node_modules/chalk/node_modules/supports-color
502 silly REMOVE node_modules/heroku/node_modules/@heroku-cli/command-v9/node_modules/ansi-regex
503 silly REMOVE node_modules/heroku/node_modules/@heroku-cli/command-v9/node_modules/ansi-styles
504 silly REMOVE node_modules/heroku/node_modules/@heroku-cli/command-v9/node_modules/ansi-escapes
505 silly REMOVE node_modules/heroku/node_modules/@heroku-cli/command
506 silly REMOVE node_modules/heroku/node_modules/@heroku-cli/command/node_modules/uuid
507 silly REMOVE node_modules/heroku/node_modules/@heroku-cli/color
508 silly REMOVE node_modules/heroku/node_modules/@heroku/socksv5
509 silly REMOVE node_modules/heroku/node_modules/@babel/runtime
510 silly REMOVE node_modules/heroku/node_modules/@heroku/buildpack-registry
511 silly REMOVE node_modules/heroku/node_modules/@heroku/heroku-cli-util
512 silly REMOVE node_modules/heroku/node_modules/@heroku/heroku-cli-util/node_modules/@sindresorhus/is
513 silly REMOVE node_modules/heroku/node_modules/@heroku/heroku-cli-util/node_modules/@szmarczak/http-timer
514 silly REMOVE node_modules/heroku/node_modules/@heroku/heroku-cli-util/node_modules/supports-color
515 silly REMOVE node_modules/heroku/node_modules/@heroku/heroku-cli-util/node_modules/strip-ansi
516 silly REMOVE node_modules/heroku/node_modules/@heroku/heroku-cli-util/node_modules/responselike
517 silly REMOVE node_modules/heroku/node_modules/@heroku/heroku-cli-util/node_modules/p-cancelable
518 silly REMOVE node_modules/heroku/node_modules/@heroku/heroku-cli-util/node_modules/normalize-url
519 silly REMOVE node_modules/heroku/node_modules/@heroku/heroku-cli-util/node_modules/mimic-response
520 silly REMOVE node_modules/heroku/node_modules/@heroku/heroku-cli-util/node_modules/lowercase-keys
521 silly REMOVE node_modules/heroku/node_modules/@heroku/heroku-cli-util/node_modules/keyv
522 silly REMOVE node_modules/heroku/node_modules/@heroku/heroku-cli-util/node_modules/json-buffer
523 silly REMOVE node_modules/heroku/node_modules/@heroku/heroku-cli-util/node_modules/get-stream
524 silly REMOVE node_modules/heroku/node_modules/@heroku/heroku-cli-util/node_modules/got
525 silly REMOVE node_modules/heroku/node_modules/@heroku/heroku-cli-util/node_modules/defer-to-connect
526 silly REMOVE node_modules/heroku/node_modules/@heroku/heroku-cli-util/node_modules/ansi-regex
527 silly REMOVE node_modules/heroku/node_modules/@heroku/heroku-cli-util/node_modules/decompress-response
528 silly REMOVE node_modules/heroku/node_modules/@heroku/heroku-cli-util/node_modules/cacheable-request
529 silly REMOVE node_modules/heroku/node_modules/@heroku/eventsource
530 silly REMOVE node_modules/heroku/node_modules/@cspotcode/source-map-support
531 silly REMOVE node_modules/heroku/node_modules/yn
532 silly REMOVE node_modules/heroku/node_modules/xmlbuilder
533 silly REMOVE node_modules/heroku/node_modules/yarn
534 silly REMOVE node_modules/heroku/node_modules/ws
535 silly REMOVE node_modules/heroku/node_modules/wrappy
536 silly REMOVE node_modules/heroku/node_modules/wordwrap
537 silly REMOVE node_modules/heroku/node_modules/wrap-ansi
538 silly REMOVE node_modules/heroku/node_modules/wrap-ansi/node_modules/strip-ansi
539 silly REMOVE node_modules/heroku/node_modules/wrap-ansi/node_modules/color-convert
540 silly REMOVE node_modules/heroku/node_modules/wrap-ansi/node_modules/ansi-styles
541 silly REMOVE node_modules/heroku/node_modules/wrap-ansi/node_modules/color-name
542 silly REMOVE node_modules/heroku/node_modules/wrap-ansi/node_modules/ansi-regex
543 silly REMOVE node_modules/heroku/node_modules/widest-line
544 silly REMOVE node_modules/heroku/node_modules/which
545 silly REMOVE node_modules/heroku/node_modules/whatwg-url
546 silly REMOVE node_modules/heroku/node_modules/webidl-conversions
547 silly REMOVE node_modules/heroku/node_modules/wcwidth
548 silly REMOVE node_modules/heroku/node_modules/validator
549 silly REMOVE node_modules/heroku/node_modules/util-deprecate
550 silly REMOVE node_modules/heroku/node_modules/valid-url
551 silly REMOVE node_modules/heroku/node_modules/v8-compile-cache-lib
552 silly REMOVE node_modules/heroku/node_modules/url-to-options
553 silly REMOVE node_modules/heroku/node_modules/uuid
554 silly REMOVE node_modules/heroku/node_modules/url-parse-lax
555 silly REMOVE node_modules/heroku/node_modules/universalify
556 silly REMOVE node_modules/heroku/node_modules/url-parse
557 silly REMOVE node_modules/heroku/node_modules/urijs
558 silly REMOVE node_modules/heroku/node_modules/undici-types
559 silly REMOVE node_modules/heroku/node_modules/typescript
560 silly REMOVE node_modules/heroku/node_modules/type-fest
561 silly REMOVE node_modules/heroku/node_modules/tweetnacl
562 silly REMOVE node_modules/heroku/node_modules/tunnel-agent
563 silly REMOVE node_modules/heroku/node_modules/ts-node
564 silly REMOVE node_modules/heroku/node_modules/tunnel-ssh
565 silly REMOVE node_modules/heroku/node_modules/tunnel-ssh/node_modules/ms
566 silly REMOVE node_modules/heroku/node_modules/tunnel-ssh/node_modules/debug
567 silly REMOVE node_modules/heroku/node_modules/tslib
568 silly REMOVE node_modules/heroku/node_modules/true-myth
569 silly REMOVE node_modules/heroku/node_modules/treeify
570 silly REMOVE node_modules/heroku/node_modules/tr46
571 silly REMOVE node_modules/heroku/node_modules/traverse-chain
572 silly REMOVE node_modules/heroku/node_modules/to-regex-range
573 silly REMOVE node_modules/heroku/node_modules/tmp
574 silly REMOVE node_modules/heroku/node_modules/to-readable-stream
575 silly REMOVE node_modules/heroku/node_modules/timed-out
576 silly REMOVE node_modules/heroku/node_modules/through
577 silly REMOVE node_modules/heroku/node_modules/term-img
578 silly REMOVE node_modules/heroku/node_modules/term-img/node_modules/ansi-escapes
579 silly REMOVE node_modules/heroku/node_modules/term-img/node_modules/type-fest
580 silly REMOVE node_modules/heroku/node_modules/temp
581 silly REMOVE node_modules/heroku/node_modules/temp/node_modules/rimraf
582 silly REMOVE node_modules/heroku/node_modules/tar-stream
583 silly REMOVE node_modules/heroku/node_modules/supports-color
584 silly REMOVE node_modules/heroku/node_modules/tar-fs
585 silly REMOVE node_modules/heroku/node_modules/supports-preserve-symlinks-flag
586 silly REMOVE node_modules/heroku/node_modules/supports-hyperlinks
587 silly REMOVE node_modules/heroku/node_modules/supports-hyperlinks/node_modules/supports-color
588 silly REMOVE node_modules/heroku/node_modules/supports-hyperlinks/node_modules/has-flag
589 silly REMOVE node_modules/heroku/node_modules/strip-final-newline
590 silly REMOVE node_modules/heroku/node_modules/strip-eof
591 silly REMOVE node_modules/heroku/node_modules/strip-ansi
592 silly REMOVE node_modules/heroku/node_modules/strip-bom
593 silly REMOVE node_modules/heroku/node_modules/string_decoder
594 silly REMOVE node_modules/heroku/node_modules/strict-uri-encode
595 silly REMOVE node_modules/heroku/node_modules/strftime
596 silly REMOVE node_modules/heroku/node_modules/string-width
597 silly REMOVE node_modules/heroku/node_modules/string-width/node_modules/strip-ansi
598 silly REMOVE node_modules/heroku/node_modules/string-width/node_modules/ansi-regex
599 silly REMOVE node_modules/heroku/node_modules/stackframe
600 silly REMOVE node_modules/heroku/node_modules/sparkline
601 silly REMOVE node_modules/heroku/node_modules/sprintf-js
602 silly REMOVE node_modules/heroku/node_modules/ssh2
603 silly REMOVE node_modules/heroku/node_modules/source-map
604 silly REMOVE node_modules/heroku/node_modules/slice-ansi
605 silly REMOVE node_modules/heroku/node_modules/slice-ansi/node_modules/color-name
606 silly REMOVE node_modules/heroku/node_modules/slice-ansi/node_modules/ansi-styles
607 silly REMOVE node_modules/heroku/node_modules/slice-ansi/node_modules/color-convert
608 silly REMOVE node_modules/heroku/node_modules/smooth-progress
609 silly REMOVE node_modules/heroku/node_modules/smooth-progress/node_modules/supports-color
610 silly REMOVE node_modules/heroku/node_modules/smooth-progress/node_modules/strip-ansi
611 silly REMOVE node_modules/heroku/node_modules/smooth-progress/node_modules/chalk
612 silly REMOVE node_modules/heroku/node_modules/smooth-progress/node_modules/ansi-styles
613 silly REMOVE node_modules/heroku/node_modules/smooth-progress/node_modules/ansi-regex
614 silly REMOVE node_modules/heroku/node_modules/smooth-progress/node_modules/ansi-escapes
615 silly REMOVE node_modules/heroku/node_modules/sort-keys
616 silly REMOVE node_modules/heroku/node_modules/slash
617 silly REMOVE node_modules/heroku/node_modules/shimmer
618 silly REMOVE node_modules/heroku/node_modules/signal-exit
619 silly REMOVE node_modules/heroku/node_modules/rxjs
620 silly REMOVE node_modules/heroku/node_modules/shellwords
621 silly REMOVE node_modules/heroku/node_modules/shell-quote
622 silly REMOVE node_modules/heroku/node_modules/shell-escape
623 silly REMOVE node_modules/heroku/node_modules/shebang-regex
624 silly REMOVE node_modules/heroku/node_modules/semver
625 silly REMOVE node_modules/heroku/node_modules/shebang-command
626 silly REMOVE node_modules/heroku/node_modules/rollbar
627 silly REMOVE node_modules/heroku/node_modules/safe-buffer
628 silly REMOVE node_modules/heroku/node_modules/safer-buffer
629 silly REMOVE node_modules/heroku/node_modules/run-parallel
630 silly REMOVE node_modules/heroku/node_modules/restore-cursor
631 silly REMOVE node_modules/heroku/node_modules/run-async
632 silly REMOVE node_modules/heroku/node_modules/reusify
633 silly REMOVE node_modules/heroku/node_modules/rimraf
634 silly REMOVE node_modules/heroku/node_modules/resolve-alpn
635 silly REMOVE node_modules/heroku/node_modules/responselike
636 silly REMOVE node_modules/heroku/node_modules/redeyed
637 silly REMOVE node_modules/heroku/node_modules/resolve
638 silly REMOVE node_modules/heroku/node_modules/requires-port
639 silly REMOVE node_modules/heroku/node_modules/require-in-the-middle
640 silly REMOVE node_modules/heroku/node_modules/require-in-the-middle/node_modules/debug
641 silly REMOVE node_modules/heroku/node_modules/redis-errors
642 silly REMOVE node_modules/heroku/node_modules/request-ip
643 silly REMOVE node_modules/heroku/node_modules/regenerator-runtime
644 silly REMOVE node_modules/heroku/node_modules/queue-microtask
645 silly REMOVE node_modules/heroku/node_modules/redis-parser
646 silly REMOVE node_modules/heroku/node_modules/readable-stream
647 silly REMOVE node_modules/heroku/node_modules/quick-lru
648 silly REMOVE node_modules/heroku/node_modules/query-string
649 silly REMOVE node_modules/heroku/node_modules/querystringify
650 silly REMOVE node_modules/heroku/node_modules/pump
651 silly REMOVE node_modules/heroku/node_modules/psl
652 silly REMOVE node_modules/heroku/node_modules/process-nextick-args
653 silly REMOVE node_modules/heroku/node_modules/printf
654 silly REMOVE node_modules/heroku/node_modules/prepend-http
655 silly REMOVE node_modules/heroku/node_modules/plist
656 silly REMOVE node_modules/heroku/node_modules/phoenix
657 silly REMOVE node_modules/heroku/node_modules/pify
658 silly REMOVE node_modules/heroku/node_modules/picomatch
659 silly REMOVE node_modules/heroku/node_modules/path-parse
660 silly REMOVE node_modules/heroku/node_modules/path-type
661 silly REMOVE node_modules/heroku/node_modules/path-key
662 silly REMOVE node_modules/heroku/node_modules/os-homedir
663 silly REMOVE node_modules/heroku/node_modules/path-is-absolute
664 silly REMOVE node_modules/heroku/node_modules/password-prompt
665 silly REMOVE node_modules/heroku/node_modules/password-prompt/node_modules/type-fest
666 silly REMOVE node_modules/heroku/node_modules/password-prompt/node_modules/ansi-escapes
667 silly REMOVE node_modules/heroku/node_modules/parse-json
668 silly REMOVE node_modules/heroku/node_modules/p-timeout
669 silly REMOVE node_modules/heroku/node_modules/p-is-promise
670 silly REMOVE node_modules/heroku/node_modules/p-finally
671 silly REMOVE node_modules/heroku/node_modules/p-cancelable
672 silly REMOVE node_modules/heroku/node_modules/osenv
673 silly REMOVE node_modules/heroku/node_modules/os-tmpdir
674 silly REMOVE node_modules/heroku/node_modules/open
675 silly REMOVE node_modules/heroku/node_modules/original
676 silly REMOVE node_modules/heroku/node_modules/ora
677 silly REMOVE node_modules/heroku/node_modules/ora/node_modules/supports-color
678 silly REMOVE node_modules/heroku/node_modules/ora/node_modules/strip-ansi
679 silly REMOVE node_modules/heroku/node_modules/ora/node_modules/has-flag
680 silly REMOVE node_modules/heroku/node_modules/ora/node_modules/color-name
681 silly REMOVE node_modules/heroku/node_modules/ora/node_modules/color-convert
682 silly REMOVE node_modules/heroku/node_modules/ora/node_modules/chalk
683 silly REMOVE node_modules/heroku/node_modules/ora/node_modules/ansi-regex
684 silly REMOVE node_modules/heroku/node_modules/ora/node_modules/ansi-styles
685 silly REMOVE node_modules/heroku/node_modules/onetime
686 silly REMOVE node_modules/heroku/node_modules/opn
687 silly REMOVE node_modules/heroku/node_modules/once
688 silly REMOVE node_modules/heroku/node_modules/object-treeify
689 silly REMOVE node_modules/heroku/node_modules/object-assign
690 silly REMOVE node_modules/heroku/node_modules/normalize-url
691 silly REMOVE node_modules/heroku/node_modules/npm-run-path
692 silly REMOVE node_modules/heroku/node_modules/node-notifier
693 silly REMOVE node_modules/heroku/node_modules/node-notifier/node_modules/uuid
694 silly REMOVE node_modules/heroku/node_modules/node-notifier/node_modules/semver
695 silly REMOVE node_modules/heroku/node_modules/nopt
696 silly REMOVE node_modules/heroku/node_modules/node-forge
697 silly REMOVE node_modules/heroku/node_modules/natural-orderby
698 silly REMOVE node_modules/heroku/node_modules/node-fetch
699 silly REMOVE node_modules/heroku/node_modules/nan
700 silly REMOVE node_modules/heroku/node_modules/netrc-parser
701 silly REMOVE node_modules/heroku/node_modules/netrc-parser/node_modules/strip-eof
702 silly REMOVE node_modules/heroku/node_modules/netrc-parser/node_modules/which
703 silly REMOVE node_modules/heroku/node_modules/netrc-parser/node_modules/shebang-command
704 silly REMOVE node_modules/heroku/node_modules/netrc-parser/node_modules/shebang-regex
705 silly REMOVE node_modules/heroku/node_modules/netrc-parser/node_modules/path-key
706 silly REMOVE node_modules/heroku/node_modules/netrc-parser/node_modules/npm-run-path
707 silly REMOVE node_modules/heroku/node_modules/netrc-parser/node_modules/cross-spawn
708 silly REMOVE node_modules/heroku/node_modules/netrc-parser/node_modules/is-stream
709 silly REMOVE node_modules/heroku/node_modules/netrc-parser/node_modules/get-stream
710 silly REMOVE node_modules/heroku/node_modules/netrc-parser/node_modules/execa
711 silly REMOVE node_modules/heroku/node_modules/netrc-parser/node_modules/debug
712 silly REMOVE node_modules/heroku/node_modules/nice-try
713 silly REMOVE node_modules/heroku/node_modules/mute-stream
714 silly REMOVE node_modules/heroku/node_modules/ms
715 silly REMOVE node_modules/heroku/node_modules/mkdirp-classic
716 silly REMOVE node_modules/heroku/node_modules/mustache
717 silly REMOVE node_modules/heroku/node_modules/module-details-from-path
718 silly REMOVE node_modules/heroku/node_modules/minimatch
719 silly REMOVE node_modules/heroku/node_modules/mkdirp
720 silly REMOVE node_modules/heroku/node_modules/lodash
721 silly REMOVE node_modules/heroku/node_modules/minimist
722 silly REMOVE node_modules/heroku/node_modules/micromatch
723 silly REMOVE node_modules/heroku/node_modules/mimic-response
724 silly REMOVE node_modules/heroku/node_modules/mimic-fn
725 silly REMOVE node_modules/heroku/node_modules/merge-stream
726 silly REMOVE node_modules/heroku/node_modules/merge2
727 silly REMOVE node_modules/heroku/node_modules/lru-cache
728 silly REMOVE node_modules/heroku/node_modules/make-error
729 silly REMOVE node_modules/heroku/node_modules/lowercase-keys
730 silly REMOVE node_modules/heroku/node_modules/log-chopper
731 silly REMOVE node_modules/heroku/node_modules/log-symbols
732 silly REMOVE node_modules/heroku/node_modules/log-symbols/node_modules/supports-color
733 silly REMOVE node_modules/heroku/node_modules/log-symbols/node_modules/has-flag
734 silly REMOVE node_modules/heroku/node_modules/log-symbols/node_modules/color-name
735 silly REMOVE node_modules/heroku/node_modules/log-symbols/node_modules/color-convert
736 silly REMOVE node_modules/heroku/node_modules/log-symbols/node_modules/chalk
737 silly REMOVE node_modules/heroku/node_modules/log-symbols/node_modules/ansi-styles
738 silly REMOVE node_modules/heroku/node_modules/lodash.throttle
739 silly REMOVE node_modules/heroku/node_modules/lodash.defaults
740 silly REMOVE node_modules/heroku/node_modules/lodash.flatten
741 silly REMOVE node_modules/heroku/node_modules/lodash.merge
742 silly REMOVE node_modules/heroku/node_modules/load-json-file
743 silly REMOVE node_modules/heroku/node_modules/keyv
744 silly REMOVE node_modules/heroku/node_modules/jsonfile
745 silly REMOVE node_modules/heroku/node_modules/keypair
746 silly REMOVE node_modules/heroku/node_modules/json-buffer
747 silly REMOVE node_modules/heroku/node_modules/json-stringify-safe
748 silly REMOVE node_modules/heroku/node_modules/js-yaml
749 silly REMOVE node_modules/heroku/node_modules/json-parse-better-errors
750 silly REMOVE node_modules/heroku/node_modules/jsbn
751 silly REMOVE node_modules/heroku/node_modules/jake
752 silly REMOVE node_modules/heroku/node_modules/jake/node_modules/has-flag
753 silly REMOVE node_modules/heroku/node_modules/jake/node_modules/supports-color
754 silly REMOVE node_modules/heroku/node_modules/jake/node_modules/color-name
755 silly REMOVE node_modules/heroku/node_modules/jake/node_modules/color-convert
756 silly REMOVE node_modules/heroku/node_modules/jake/node_modules/chalk
757 silly REMOVE node_modules/heroku/node_modules/jake/node_modules/ansi-styles
758 silly REMOVE node_modules/heroku/node_modules/iterm2-version
759 silly REMOVE node_modules/heroku/node_modules/isurl
760 silly REMOVE node_modules/heroku/node_modules/isexe
761 silly REMOVE node_modules/heroku/node_modules/is-wsl
762 silly REMOVE node_modules/heroku/node_modules/is-url
763 silly REMOVE node_modules/heroku/node_modules/is-stream
764 silly REMOVE node_modules/heroku/node_modules/is-unicode-supported
765 silly REMOVE node_modules/heroku/node_modules/isarray
766 silly REMOVE node_modules/heroku/node_modules/is-retry-allowed
767 silly REMOVE node_modules/heroku/node_modules/is-plain-obj
768 silly REMOVE node_modules/heroku/node_modules/is-number
769 silly REMOVE node_modules/heroku/node_modules/is-object
770 silly REMOVE node_modules/heroku/node_modules/is-interactive
771 silly REMOVE node_modules/heroku/node_modules/is-fullwidth-code-point
772 silly REMOVE node_modules/heroku/node_modules/is-glob
773 silly REMOVE node_modules/heroku/node_modules/is-extglob
774 silly REMOVE node_modules/heroku/node_modules/is-docker
775 silly REMOVE node_modules/heroku/node_modules/is-core-module
776 silly REMOVE node_modules/heroku/node_modules/ip-address
777 silly REMOVE node_modules/heroku/node_modules/inquirer
778 silly REMOVE node_modules/heroku/node_modules/inquirer/node_modules/type-fest
779 silly REMOVE node_modules/heroku/node_modules/inquirer/node_modules/supports-color
780 silly REMOVE node_modules/heroku/node_modules/inquirer/node_modules/color-name
781 silly REMOVE node_modules/heroku/node_modules/inquirer/node_modules/strip-ansi
782 silly REMOVE node_modules/heroku/node_modules/inquirer/node_modules/has-flag
783 silly REMOVE node_modules/heroku/node_modules/inquirer/node_modules/color-convert
784 silly REMOVE node_modules/heroku/node_modules/inquirer/node_modules/chalk
785 silly REMOVE node_modules/heroku/node_modules/inquirer/node_modules/ansi-styles
786 silly REMOVE node_modules/heroku/node_modules/inquirer/node_modules/ansi-escapes
787 silly REMOVE node_modules/heroku/node_modules/inquirer/node_modules/ansi-regex
788 silly REMOVE node_modules/heroku/node_modules/is-arrayish
789 silly REMOVE node_modules/heroku/node_modules/into-stream
790 silly REMOVE node_modules/heroku/node_modules/inflight
791 silly REMOVE node_modules/heroku/node_modules/inherits
792 silly REMOVE node_modules/heroku/node_modules/indent-string
793 silly REMOVE node_modules/heroku/node_modules/import-in-the-middle
794 silly REMOVE node_modules/heroku/node_modules/ignore
795 silly REMOVE node_modules/heroku/node_modules/ieee754
796 silly REMOVE node_modules/heroku/node_modules/hyperlinker
797 silly REMOVE node_modules/heroku/node_modules/iconv-lite
798 silly REMOVE node_modules/heroku/node_modules/human-signals
799 silly REMOVE node_modules/heroku/node_modules/http-proxy
800 silly REMOVE node_modules/heroku/node_modules/http-call
801 silly REMOVE node_modules/heroku/node_modules/http2-wrapper
802 silly REMOVE node_modules/heroku/node_modules/http-cache-semantics
803 silly REMOVE node_modules/heroku/node_modules/heroku-container-registry
804 silly REMOVE node_modules/heroku/node_modules/heroku-client
805 silly REMOVE node_modules/heroku/node_modules/here
806 silly REMOVE node_modules/heroku/node_modules/heroku-cli-util
807 silly REMOVE node_modules/heroku/node_modules/heroku-cli-util/node_modules/@sindresorhus/is
808 silly REMOVE node_modules/heroku/node_modules/heroku-cli-util/node_modules/strip-ansi
809 silly REMOVE node_modules/heroku/node_modules/heroku-cli-util/node_modules/pify
810 silly REMOVE node_modules/heroku/node_modules/heroku-cli-util/node_modules/p-cancelable
811 silly REMOVE node_modules/heroku/node_modules/heroku-cli-util/node_modules/normalize-url
812 silly REMOVE node_modules/heroku/node_modules/heroku-cli-util/node_modules/keyv
813 silly REMOVE node_modules/heroku/node_modules/heroku-cli-util/node_modules/lowercase-keys
814 silly REMOVE node_modules/heroku/node_modules/heroku-cli-util/node_modules/got
815 silly REMOVE node_modules/heroku/node_modules/heroku-cli-util/node_modules/http-cache-semantics
816 silly REMOVE node_modules/heroku/node_modules/heroku-cli-util/node_modules/get-stream
817 silly REMOVE node_modules/heroku/node_modules/heroku-cli-util/node_modules/clone-response
818 silly REMOVE node_modules/heroku/node_modules/heroku-cli-util/node_modules/cacheable-request
819 silly REMOVE node_modules/heroku/node_modules/heroku-cli-util/node_modules/ansi-regex
820 silly REMOVE node_modules/heroku/node_modules/has-to-string-tag-x
821 silly REMOVE node_modules/heroku/node_modules/hasown
822 silly REMOVE node_modules/heroku/node_modules/growly
823 silly REMOVE node_modules/heroku/node_modules/has-symbol-support-x
824 silly REMOVE node_modules/heroku/node_modules/has-flag
825 silly REMOVE node_modules/heroku/node_modules/has-ansi
826 silly REMOVE node_modules/heroku/node_modules/has-ansi/node_modules/ansi-regex
827 silly REMOVE node_modules/heroku/node_modules/graceful-fs
828 silly REMOVE node_modules/heroku/node_modules/globby
829 silly REMOVE node_modules/heroku/node_modules/got
830 silly REMOVE node_modules/heroku/node_modules/got/node_modules/get-stream
831 silly REMOVE node_modules/heroku/node_modules/glob-parent
832 silly REMOVE node_modules/heroku/node_modules/glob
833 silly REMOVE node_modules/heroku/node_modules/get-stream
834 silly REMOVE node_modules/heroku/node_modules/github-url-to-object
835 silly REMOVE node_modules/heroku/node_modules/get-package-type
836 silly REMOVE node_modules/heroku/node_modules/fs.realpath
837 silly REMOVE node_modules/heroku/node_modules/function-bind
838 silly REMOVE node_modules/heroku/node_modules/fs-extra
839 silly REMOVE node_modules/heroku/node_modules/foreman
840 silly REMOVE node_modules/heroku/node_modules/follow-redirects
841 silly REMOVE node_modules/heroku/node_modules/fs-constants
842 silly REMOVE node_modules/heroku/node_modules/external-editor
843 silly REMOVE node_modules/heroku/node_modules/from2
844 silly REMOVE node_modules/heroku/node_modules/from2/node_modules/safe-buffer
845 silly REMOVE node_modules/heroku/node_modules/from2/node_modules/string_decoder
846 silly REMOVE node_modules/heroku/node_modules/from2/node_modules/readable-stream
847 silly REMOVE node_modules/heroku/node_modules/find
848 silly REMOVE node_modules/heroku/node_modules/filesize
849 silly REMOVE node_modules/heroku/node_modules/fill-range
850 silly REMOVE node_modules/heroku/node_modules/filelist
851 silly REMOVE node_modules/heroku/node_modules/filelist/node_modules/minimatch
852 silly REMOVE node_modules/heroku/node_modules/filelist/node_modules/brace-expansion
853 silly REMOVE node_modules/heroku/node_modules/figures
854 silly REMOVE node_modules/heroku/node_modules/fastq
855 silly REMOVE node_modules/heroku/node_modules/fastest-levenshtein
856 silly REMOVE node_modules/heroku/node_modules/fast-levenshtein
857 silly REMOVE node_modules/heroku/node_modules/extract-stack
858 silly REMOVE node_modules/heroku/node_modules/fast-glob
859 silly REMOVE node_modules/heroku/node_modules/execa
860 silly REMOVE node_modules/heroku/node_modules/eventemitter3
861 silly REMOVE node_modules/heroku/node_modules/esprima
862 silly REMOVE node_modules/heroku/node_modules/escape-string-regexp
863 silly REMOVE node_modules/heroku/node_modules/error-ex
864 silly REMOVE node_modules/heroku/node_modules/error-stack-parser
865 silly REMOVE node_modules/heroku/node_modules/emoji-regex
866 silly REMOVE node_modules/heroku/node_modules/end-of-stream
867 silly REMOVE node_modules/heroku/node_modules/ejs
868 silly REMOVE node_modules/heroku/node_modules/edit-string
869 silly REMOVE node_modules/heroku/node_modules/edit-string/node_modules/which
870 silly REMOVE node_modules/heroku/node_modules/edit-string/node_modules/strip-eof
871 silly REMOVE node_modules/heroku/node_modules/edit-string/node_modules/shebang-regex
872 silly REMOVE node_modules/heroku/node_modules/edit-string/node_modules/path-key
873 silly REMOVE node_modules/heroku/node_modules/edit-string/node_modules/shebang-command
874 silly REMOVE node_modules/heroku/node_modules/edit-string/node_modules/npm-run-path
875 silly REMOVE node_modules/heroku/node_modules/edit-string/node_modules/is-stream
876 silly REMOVE node_modules/heroku/node_modules/edit-string/node_modules/get-stream
877 silly REMOVE node_modules/heroku/node_modules/edit-string/node_modules/debug
878 silly REMOVE node_modules/heroku/node_modules/edit-string/node_modules/execa
879 silly REMOVE node_modules/heroku/node_modules/edit-string/node_modules/cross-spawn
880 silly REMOVE node_modules/heroku/node_modules/diff
881 silly REMOVE node_modules/heroku/node_modules/dir-glob
882 silly REMOVE node_modules/heroku/node_modules/duplexer3
883 silly REMOVE node_modules/heroku/node_modules/date-fns
884 silly REMOVE node_modules/heroku/node_modules/define-lazy-prop
885 silly REMOVE node_modules/heroku/node_modules/defer-to-connect
886 silly REMOVE node_modules/heroku/node_modules/defaults
887 silly REMOVE node_modules/heroku/node_modules/decompress-response
888 silly REMOVE node_modules/heroku/node_modules/debug
889 silly REMOVE node_modules/heroku/node_modules/decode-uri-component
890 silly REMOVE node_modules/heroku/node_modules/decache
891 silly REMOVE node_modules/heroku/node_modules/create-require
892 silly REMOVE node_modules/heroku/node_modules/cross-spawn
893 silly REMOVE node_modules/heroku/node_modules/core-util-is
894 silly REMOVE node_modules/heroku/node_modules/content-type
895 silly REMOVE node_modules/heroku/node_modules/console-polyfill
896 silly REMOVE node_modules/heroku/node_modules/concat-map
897 silly REMOVE node_modules/heroku/node_modules/co-wait
898 silly REMOVE node_modules/heroku/node_modules/color-name
899 silly REMOVE node_modules/heroku/node_modules/color-convert
900 silly REMOVE node_modules/heroku/node_modules/commander
901 silly REMOVE node_modules/heroku/node_modules/co
902 silly REMOVE node_modules/heroku/node_modules/clone-response
903 silly REMOVE node_modules/heroku/node_modules/cli-width
904 silly REMOVE node_modules/heroku/node_modules/cli-ux
905 silly REMOVE node_modules/heroku/node_modules/cli-ux/node_modules/@oclif/screen
906 silly REMOVE node_modules/heroku/node_modules/cli-ux/node_modules/@oclif/core
907 silly REMOVE node_modules/heroku/node_modules/cli-ux/node_modules/@oclif/core/node_modules/@oclif/screen
908 silly REMOVE node_modules/heroku/node_modules/cli-ux/node_modules/@oclif/core/node_modules/jsonfile
909 silly REMOVE node_modules/heroku/node_modules/cli-ux/node_modules/@oclif/core/node_modules/universalify
910 silly REMOVE node_modules/heroku/node_modules/cli-ux/node_modules/@oclif/core/node_modules/fs-extra
911 silly REMOVE node_modules/heroku/node_modules/cli-ux/node_modules/type-fest
912 silly REMOVE node_modules/heroku/node_modules/cli-ux/node_modules/tslib
913 silly REMOVE node_modules/heroku/node_modules/cli-ux/node_modules/supports-color
914 silly REMOVE node_modules/heroku/node_modules/cli-ux/node_modules/strip-ansi
915 silly REMOVE node_modules/heroku/node_modules/cli-ux/node_modules/semver
916 silly REMOVE node_modules/heroku/node_modules/cli-ux/node_modules/has-flag
917 silly REMOVE node_modules/heroku/node_modules/cli-ux/node_modules/fs-extra
918 silly REMOVE node_modules/heroku/node_modules/cli-ux/node_modules/color-convert
919 silly REMOVE node_modules/heroku/node_modules/cli-ux/node_modules/debug
920 silly REMOVE node_modules/heroku/node_modules/cli-ux/node_modules/color-name
921 silly REMOVE node_modules/heroku/node_modules/cli-ux/node_modules/ansi-styles
922 silly REMOVE node_modules/heroku/node_modules/cli-ux/node_modules/chalk
923 silly REMOVE node_modules/heroku/node_modules/cli-ux/node_modules/chalk/node_modules/supports-color
924 silly REMOVE node_modules/heroku/node_modules/cli-ux/node_modules/ansi-regex
925 silly REMOVE node_modules/heroku/node_modules/cli-ux/node_modules/ansi-escapes
926 silly REMOVE node_modules/heroku/node_modules/clone
927 silly REMOVE node_modules/heroku/node_modules/cli-progress
928 silly REMOVE node_modules/heroku/node_modules/cli-spinners
929 silly REMOVE node_modules/heroku/node_modules/clean-stack
930 silly REMOVE node_modules/heroku/node_modules/clean-stack/node_modules/escape-string-regexp
931 silly REMOVE node_modules/heroku/node_modules/cli-cursor
932 silly REMOVE node_modules/heroku/node_modules/cardinal
933 silly REMOVE node_modules/heroku/node_modules/cjs-module-lexer
934 silly REMOVE node_modules/heroku/node_modules/chownr
935 silly REMOVE node_modules/heroku/node_modules/chardet
936 silly REMOVE node_modules/heroku/node_modules/chalk
937 silly REMOVE node_modules/heroku/node_modules/cacheable-request
938 silly REMOVE node_modules/heroku/node_modules/cacheable-request/node_modules/lowercase-keys
939 silly REMOVE node_modules/heroku/node_modules/cacheable-request/node_modules/get-stream
940 silly REMOVE node_modules/heroku/node_modules/cacheable-lookup
941 silly REMOVE node_modules/heroku/node_modules/bytes
942 silly REMOVE node_modules/heroku/node_modules/buffer
943 silly REMOVE node_modules/heroku/node_modules/bluebird
944 silly REMOVE node_modules/heroku/node_modules/byline
945 silly REMOVE node_modules/heroku/node_modules/braces
946 silly REMOVE node_modules/heroku/node_modules/brace-expansion
947 silly REMOVE node_modules/heroku/node_modules/async
948 silly REMOVE node_modules/heroku/node_modules/base64-js
949 silly REMOVE node_modules/heroku/node_modules/bl
950 silly REMOVE node_modules/heroku/node_modules/bcrypt-pbkdf
951 silly REMOVE node_modules/heroku/node_modules/balanced-match
952 silly REMOVE node_modules/heroku/node_modules/at-least-node
953 silly REMOVE node_modules/heroku/node_modules/async-limiter
954 silly REMOVE node_modules/heroku/node_modules/async-file
955 silly REMOVE node_modules/heroku/node_modules/asn1
956 silly REMOVE node_modules/heroku/node_modules/astral-regex
957 silly REMOVE node_modules/heroku/node_modules/argparse
958 silly REMOVE node_modules/heroku/node_modules/argparse/node_modules/sprintf-js
959 silly REMOVE node_modules/heroku/node_modules/app-path
960 silly REMOVE node_modules/heroku/node_modules/app-path/node_modules/which
961 silly REMOVE node_modules/heroku/node_modules/app-path/node_modules/strip-eof
962 silly REMOVE node_modules/heroku/node_modules/app-path/node_modules/npm-run-path
963 silly REMOVE node_modules/heroku/node_modules/app-path/node_modules/shebang-regex
964 silly REMOVE node_modules/heroku/node_modules/app-path/node_modules/shebang-command
965 silly REMOVE node_modules/heroku/node_modules/app-path/node_modules/path-key
966 silly REMOVE node_modules/heroku/node_modules/app-path/node_modules/execa
967 silly REMOVE node_modules/heroku/node_modules/app-path/node_modules/is-stream
968 silly REMOVE node_modules/heroku/node_modules/app-path/node_modules/cross-spawn
969 silly REMOVE node_modules/heroku/node_modules/app-path/node_modules/get-stream
970 silly REMOVE node_modules/heroku/node_modules/arg
971 silly REMOVE node_modules/heroku/node_modules/array-union
972 silly REMOVE node_modules/heroku/node_modules/ansi-escapes
973 silly REMOVE node_modules/heroku/node_modules/ansi-styles
974 silly REMOVE node_modules/heroku/node_modules/ansicolors
975 silly REMOVE node_modules/heroku/node_modules/ansi-regex
976 silly REMOVE node_modules/heroku/node_modules/abbrev
977 silly REMOVE node_modules/heroku/node_modules/acorn
978 silly REMOVE node_modules/heroku/node_modules/acorn-import-assertions
979 silly REMOVE node_modules/heroku/node_modules/acorn-walk
980 verbose cwd /data/data/com.termux/files/home/progetto_ai
981 verbose os Linux 5.15.123-android13-8-00044-g5682afbff3e0-ab11501453
982 verbose node v22.9.0
983 verbose npm  v10.8.3
984 verbose exit 0
985 info ok
